app/build 2/intermediates/manifest_merge_blame_file/debug/manifest-merger-blame-debug-report 4.txt
1<?xml version="1.0" encoding="utf-8"?>
2<!--
3~~~~~~~~~~~~~~~~~~~~~~~~~~~~~~~~~~~~~~~~~~~~~~~~~~~~~~~~~~~~~~~~~~~~~~~~~~~~
4  ~
5  ~ Copyright RectiCode(c) 2020.
6  ~ All Rights Reserved
7  ~
8  ~ This product is protected by copyright and distributed under
9  ~ licenses restricting copying, distribution and de-compilation.
10  ~
11  ~ Created by Ali Mohammad
12  ~
13  ~~~~~~~~~~~~~~~~~~~~~~~~~~~~~~~~~~~~~~~~~~~~~~~~~~~~~~~~~~~~~~~~~~~~~~~~~~~
14-->
15<manifest xmlns:android="http://schemas.android.com/apk/res/android"
16    package="com.aligmohammad.doctorapp"
17    android:versionCode="1"
18    android:versionName="1.0" >
19
20    <uses-sdk
21        android:minSdkVersion="21"
21-->src/main/AndroidManifest.xml
22        android:targetSdkVersion="29" />
22-->src/main/AndroidManifest.xml
23
24    <uses-permission android:name="android.permission.ACCESS_NETWORK_STATE" />
24-->src/main/AndroidManifest.xml:17:5-79
24-->src/main/AndroidManifest.xml:17:22-76
25    <uses-permission android:name="android.permission.INTERNET" />
25-->src/main/AndroidManifest.xml:18:5-67
25-->src/main/AndroidManifest.xml:18:22-64
26    <uses-permission android:name="android.permission.ACCESS_FINE_LOCATION" />
26-->src/main/AndroidManifest.xml:19:5-79
26-->src/main/AndroidManifest.xml:19:22-76
27    <uses-permission android:name="android.permission.ACCESS_COARSE_LOCATION" />
27-->src/main/AndroidManifest.xml:20:5-81
27-->src/main/AndroidManifest.xml:20:22-78
28    <uses-permission android:name="android.permission.VIBRATE" />
28-->[com.wdullaer:materialdatetimepicker:4.2.3] AndroidManifest.xml:26:5-66
28-->[com.wdullaer:materialdatetimepicker:4.2.3] AndroidManifest.xml:26:22-63
29
30    <application
30-->src/main/AndroidManifest.xml:22:5-39:19
31        android:name="com.aligmohammad.doctorapp.DoctorApplication"
31-->src/main/AndroidManifest.xml:23:9-42
32        android:allowBackup="true"
32-->src/main/AndroidManifest.xml:24:9-35
33        android:appComponentFactory="androidx.core.app.CoreComponentFactory"
33-->[androidx.core:core:1.3.2] AndroidManifest.xml:24:18-86
34        android:debuggable="true"
35        android:icon="@mipmap/ic_launcher"
35-->src/main/AndroidManifest.xml:25:9-43
36        android:label="@string/app_name"
36-->src/main/AndroidManifest.xml:26:9-41
37        android:roundIcon="@mipmap/ic_launcher_round"
37-->src/main/AndroidManifest.xml:27:9-54
38        android:supportsRtl="true"
38-->src/main/AndroidManifest.xml:28:9-35
39        android:testOnly="true"
40        android:theme="@style/Theme.DoctorApp" >
40-->src/main/AndroidManifest.xml:29:9-47
41        <activity android:name="com.aligmohammad.doctorapp.ui.activities.splash_activity.SplashActivity" >
41-->src/main/AndroidManifest.xml:30:9-36:20
41-->src/main/AndroidManifest.xml:30:19-79
42            <intent-filter>
42-->src/main/AndroidManifest.xml:31:13-35:29
43                <action android:name="android.intent.action.MAIN" />
43-->src/main/AndroidManifest.xml:32:17-69
43-->src/main/AndroidManifest.xml:32:25-66
44
45                <category android:name="android.intent.category.LAUNCHER" />
45-->src/main/AndroidManifest.xml:34:17-77
45-->src/main/AndroidManifest.xml:34:27-74
46            </intent-filter>
47        </activity>
48        <activity android:name="com.aligmohammad.doctorapp.ui.activities.main_activity.MainActivity" >
48-->src/main/AndroidManifest.xml:37:9-38:20
48-->src/main/AndroidManifest.xml:37:19-75
49        </activity>
50
51        <service
51-->[androidx.room:room-runtime:2.3.0-alpha02] AndroidManifest.xml:25:9-28:40
52            android:name="androidx.room.MultiInstanceInvalidationService"
52-->[androidx.room:room-runtime:2.3.0-alpha02] AndroidManifest.xml:26:13-74
53            android:directBootAware="true"
53-->[androidx.room:room-runtime:2.3.0-alpha02] AndroidManifest.xml:27:13-43
54            android:exported="false" />
54-->[androidx.room:room-runtime:2.3.0-alpha02] AndroidManifest.xml:28:13-37
55
56        <provider
56-->[androidx.lifecycle:lifecycle-process:2.0.0] AndroidManifest.xml:23:9-27:43
57            android:name="androidx.lifecycle.ProcessLifecycleOwnerInitializer"
57-->[androidx.lifecycle:lifecycle-process:2.0.0] AndroidManifest.xml:24:13-79
58            android:authorities="com.aligmohammad.doctorapp.lifecycle-process"
58-->[androidx.lifecycle:lifecycle-process:2.0.0] AndroidManifest.xml:25:13-69
59            android:exported="false"
59-->[androidx.lifecycle:lifecycle-process:2.0.0] AndroidManifest.xml:26:13-37
60            android:multiprocess="true" />
60-->[androidx.lifecycle:lifecycle-process:2.0.0] AndroidManifest.xml:27:13-40
61    </application>
62
63</manifest>